# JRE version: OpenJDK Runtime Environment GraalVM CE 22.3.0 (17.0.5+8) (build 17.0.5+8-jvmci-22.3-b08)
# Java VM: OpenJDK 64-Bit Server VM GraalVM CE 22.3.0 (17.0.5+8-jvmci-22.3-b08, mixed mode, sharing, tiered, jvmci, jvmci compiler, compressed oops, compressed class ptrs, parallel gc, linux-amd64)
GC Precious Log:
 CPUs: 8 total, 1 available
 Memory: 1024M
 Large Page Support: Disabled
 NUMA Support: Disabled
 Compressed Oops: Enabled (32-bit)
 Alignments: Space 512K, Generation 512K, Heap 2M
 Heap Min Capacity: 100M
 Heap Initial Capacity: 100M
 Heap Max Capacity: 512M
 Pre-touch: Disabled
 Parallel Workers: 1
Heap:
 PSYoungGen      total 88064K, used 40447K [0x00000000f5580000, 0x00000000fdb80000, 0x0000000100000000)
  eden space 40448K, 99% used [0x00000000f5580000,0x00000000f7cffff0,0x00000000f7d00000)
  from space 47616K, 0% used [0x00000000f7d00000,0x00000000f7d00000,0x00000000fab80000)
  to   space 27648K, 0% used [0x00000000fab80000,0x00000000fab80000,0x00000000fc680000)
 ParOldGen       total 349696K, used 349695K [0x00000000e0000000, 0x00000000f5580000, 0x00000000f5580000)
  object space 349696K, 99% used [0x00000000e0000000,0x00000000f557fff8,0x00000000f5580000)
 Metaspace       used 60602K, committed 61504K, reserved 1105920K
  class space    used 5642K, committed 6016K, reserved 1048576K
GC Heap History (20 events):
Event: 860.302 GC heap before
{Heap before GC invocations=532 (full 452):
 PSYoungGen      total 88064K, used 40447K [0x00000000f5580000, 0x00000000fdb80000, 0x0000000100000000)
  eden space 40448K, 99% used [0x00000000f5580000,0x00000000f7cffff8,0x00000000f7d00000)
  from space 47616K, 0% used [0x00000000f7d00000,0x00000000f7d00000,0x00000000fab80000)
  to   space 27648K, 0% used [0x00000000fab80000,0x00000000fab80000,0x00000000fc680000)
 ParOldGen       total 349696K, used 349695K [0x00000000e0000000, 0x00000000f5580000, 0x00000000f5580000)
  object space 349696K, 99% used [0x00000000e0000000,0x00000000f557fd38,0x00000000f5580000)
 Metaspace       used 60602K, committed 61504K, reserved 1105920K
  class space    used 5642K, committed 6016K, reserved 1048576K
}
Event: 861.791 GC heap after
{Heap after GC invocations=532 (full 452):
 PSYoungGen      total 68096K, used 40447K [0x00000000f5580000, 0x00000000fdb80000, 0x0000000100000000)
  eden space 40448K, 99% used [0x00000000f5580000,0x00000000f7cfff08,0x00000000f7d00000)
  from space 27648K, 0% used [0x00000000fab80000,0x00000000fab80000,0x00000000fc680000)
  to   space 47616K, 0% used [0x00000000f7d00000,0x00000000f7d00000,0x00000000fab80000)
 ParOldGen       total 349696K, used 349695K [0x00000000e0000000, 0x00000000f5580000, 0x00000000f5580000)
  object space 349696K, 99% used [0x00000000e0000000,0x00000000f557fd38,0x00000000f5580000)
 Metaspace       used 60602K, committed 61504K, reserved 1105920K
  class space    used 5642K, committed 6016K, reserved 1048576K
}
Event: 861.791 GC heap before
{Heap before GC invocations=533 (full 453):
 PSYoungGen      total 68096K, used 40447K [0x00000000f5580000, 0x00000000fdb80000, 0x0000000100000000)
  eden space 40448K, 99% used [0x00000000f5580000,0x00000000f7cfff30,0x00000000f7d00000)
  from space 27648K, 0% used [0x00000000fab80000,0x00000000fab80000,0x00000000fc680000)
  to   space 47616K, 0% used [0x00000000f7d00000,0x00000000f7d00000,0x00000000fab80000)
 ParOldGen       total 349696K, used 349695K [0x00000000e0000000, 0x00000000f5580000, 0x00000000f5580000)
  object space 349696K, 99% used [0x00000000e0000000,0x00000000f557fd38,0x00000000f5580000)
 Metaspace       used 60602K, committed 61504K, reserved 1105920K
  class space    used 5642K, committed 6016K, reserved 1048576K
}
Event: 863.218 GC heap after
{Heap after GC invocations=533 (full 453):
 PSYoungGen      total 88064K, used 40447K [0x00000000f5580000, 0x00000000fdb80000, 0x0000000100000000)
  eden space 40448K, 99% used [0x00000000f5580000,0x00000000f7cfff20,0x00000000f7d00000)
  from space 47616K, 0% used [0x00000000f7d00000,0x00000000f7d00000,0x00000000fab80000)
  to   space 27648K, 0% used [0x00000000fab80000,0x00000000fab80000,0x00000000fc680000)
 ParOldGen       total 349696K, used 349695K [0x00000000e0000000, 0x00000000f5580000, 0x00000000f5580000)
  object space 349696K, 99% used [0x00000000e0000000,0x00000000f557fd38,0x00000000f5580000)
 Metaspace       used 60602K, committed 61504K, reserved 1105920K
  class space    used 5642K, committed 6016K, reserved 1048576K
}
Event: 863.218 GC heap before
{Heap before GC invocations=534 (full 454):
 PSYoungGen      total 88064K, used 40447K [0x00000000f5580000, 0x00000000fdb80000, 0x0000000100000000)
  eden space 40448K, 99% used [0x00000000f5580000,0x00000000f7cfff20,0x00000000f7d00000)
  from space 47616K, 0% used [0x00000000f7d00000,0x00000000f7d00000,0x00000000fab80000)
  to   space 27648K, 0% used [0x00000000fab80000,0x00000000fab80000,0x00000000fc680000)
 ParOldGen       total 349696K, used 349695K [0x00000000e0000000, 0x00000000f5580000, 0x00000000f5580000)
  object space 349696K, 99% used [0x00000000e0000000,0x00000000f557fd38,0x00000000f5580000)
 Metaspace       used 60602K, committed 61504K, reserved 1105920K
  class space    used 5642K, committed 6016K, reserved 1048576K
}
Event: 864.713 GC heap after
{Heap after GC invocations=534 (full 454):
 PSYoungGen      total 68096K, used 40447K [0x00000000f5580000, 0x00000000fdb80000, 0x0000000100000000)
  eden space 40448K, 99% used [0x00000000f5580000,0x00000000f7cfff20,0x00000000f7d00000)
  from space 27648K, 0% used [0x00000000fab80000,0x00000000fab80000,0x00000000fc680000)
  to   space 47616K, 0% used [0x00000000f7d00000,0x00000000f7d00000,0x00000000fab80000)
 ParOldGen       total 349696K, used 349695K [0x00000000e0000000, 0x00000000f5580000, 0x00000000f5580000)
  object space 349696K, 99% used [0x00000000e0000000,0x00000000f557fd38,0x00000000f5580000)
 Metaspace       used 60602K, committed 61504K, reserved 1105920K
  class space    used 5642K, committed 6016K, reserved 1048576K
}
Event: 864.714 GC heap before
{Heap before GC invocations=535 (full 455):
 PSYoungGen      total 68096K, used 40447K [0x00000000f5580000, 0x00000000fdb80000, 0x0000000100000000)
  eden space 40448K, 99% used [0x00000000f5580000,0x00000000f7cffff8,0x00000000f7d00000)
  from space 27648K, 0% used [0x00000000fab80000,0x00000000fab80000,0x00000000fc680000)
  to   space 47616K, 0% used [0x00000000f7d00000,0x00000000f7d00000,0x00000000fab80000)
 ParOldGen       total 349696K, used 349695K [0x00000000e0000000, 0x00000000f5580000, 0x00000000f5580000)
  object space 349696K, 99% used [0x00000000e0000000,0x00000000f557ffd8,0x00000000f5580000)
 Metaspace       used 60602K, committed 61504K, reserved 1105920K
  class space    used 5642K, committed 6016K, reserved 1048576K
}
Event: 866.097 GC heap after
{Heap after GC invocations=535 (full 455):
 PSYoungGen      total 88064K, used 40447K [0x00000000f5580000, 0x00000000fdb80000, 0x0000000100000000)
  eden space 40448K, 99% used [0x00000000f5580000,0x00000000f7cfff38,0x00000000f7d00000)
  from space 47616K, 0% used [0x00000000f7d00000,0x00000000f7d00000,0x00000000fab80000)
  to   space 27648K, 0% used [0x00000000fab80000,0x00000000fab80000,0x00000000fc680000)
 ParOldGen       total 349696K, used 349695K [0x00000000e0000000, 0x00000000f5580000, 0x00000000f5580000)
  object space 349696K, 99% used [0x00000000e0000000,0x00000000f557fe88,0x00000000f5580000)
 Metaspace       used 60602K, committed 61504K, reserved 1105920K
  class space    used 5642K, committed 6016K, reserved 1048576K
}
Event: 866.097 GC heap before
{Heap before GC invocations=536 (full 456):
 PSYoungGen      total 88064K, used 40447K [0x00000000f5580000, 0x00000000fdb80000, 0x0000000100000000)
  eden space 40448K, 99% used [0x00000000f5580000,0x00000000f7cffff8,0x00000000f7d00000)
  from space 47616K, 0% used [0x00000000f7d00000,0x00000000f7d00000,0x00000000fab80000)
  to   space 27648K, 0% used [0x00000000fab80000,0x00000000fab80000,0x00000000fc680000)
 ParOldGen       total 349696K, used 349695K [0x00000000e0000000, 0x00000000f5580000, 0x00000000f5580000)
  object space 349696K, 99% used [0x00000000e0000000,0x00000000f557fe88,0x00000000f5580000)
 Metaspace       used 60602K, committed 61504K, reserved 1105920K
  class space    used 5642K, committed 6016K, reserved 1048576K
}
Event: 867.484 GC heap after
{Heap after GC invocations=536 (full 456):
 PSYoungGen      total 68096K, used 40447K [0x00000000f5580000, 0x00000000fdb80000, 0x0000000100000000)
  eden space 40448K, 99% used [0x00000000f5580000,0x00000000f7cfff78,0x00000000f7d00000)
  from space 27648K, 0% used [0x00000000fab80000,0x00000000fab80000,0x00000000fc680000)
  to   space 47616K, 0% used [0x00000000f7d00000,0x00000000f7d00000,0x00000000fab80000)
 ParOldGen       total 349696K, used 349695K [0x00000000e0000000, 0x00000000f5580000, 0x00000000f5580000)
  object space 349696K, 99% used [0x00000000e0000000,0x00000000f557fe28,0x00000000f5580000)
 Metaspace       used 60602K, committed 61504K, reserved 1105920K
  class space    used 5642K, committed 6016K, reserved 1048576K
}
Event: 867.484 GC heap before
{Heap before GC invocations=537 (full 457):
 PSYoungGen      total 68096K, used 40447K [0x00000000f5580000, 0x00000000fdb80000, 0x0000000100000000)
  eden space 40448K, 99% used [0x00000000f5580000,0x00000000f7cffff8,0x00000000f7d00000)
  from space 27648K, 0% used [0x00000000fab80000,0x00000000fab80000,0x00000000fc680000)
  to   space 47616K, 0% used [0x00000000f7d00000,0x00000000f7d00000,0x00000000fab80000)
 ParOldGen       total 349696K, used 349695K [0x00000000e0000000, 0x00000000f5580000, 0x00000000f5580000)
  object space 349696K, 99% used [0x00000000e0000000,0x00000000f557fe28,0x00000000f5580000)
 Metaspace       used 60602K, committed 61504K, reserved 1105920K
  class space    used 5642K, committed 6016K, reserved 1048576K
}
Event: 868.902 GC heap after
{Heap after GC invocations=537 (full 457):
 PSYoungGen      total 88064K, used 40447K [0x00000000f5580000, 0x00000000fdb80000, 0x0000000100000000)
  eden space 40448K, 99% used [0x00000000f5580000,0x00000000f7cfff98,0x00000000f7d00000)
  from space 47616K, 0% used [0x00000000f7d00000,0x00000000f7d00000,0x00000000fab80000)
  to   space 27648K, 0% used [0x00000000fab80000,0x00000000fab80000,0x00000000fc680000)
 ParOldGen       total 349696K, used 349695K [0x00000000e0000000, 0x00000000f5580000, 0x00000000f5580000)
  object space 349696K, 99% used [0x00000000e0000000,0x00000000f557fe28,0x00000000f5580000)
 Metaspace       used 60602K, committed 61504K, reserved 1105920K
  class space    used 5642K, committed 6016K, reserved 1048576K
}
Event: 868.905 GC heap before
{Heap before GC invocations=538 (full 458):
 PSYoungGen      total 88064K, used 40447K [0x00000000f5580000, 0x00000000fdb80000, 0x0000000100000000)
  eden space 40448K, 99% used [0x00000000f5580000,0x00000000f7cffff8,0x00000000f7d00000)
  from space 47616K, 0% used [0x00000000f7d00000,0x00000000f7d00000,0x00000000fab80000)
  to   space 27648K, 0% used [0x00000000fab80000,0x00000000fab80000,0x00000000fc680000)
 ParOldGen       total 349696K, used 349695K [0x00000000e0000000, 0x00000000f5580000, 0x00000000f5580000)
  object space 349696K, 99% used [0x00000000e0000000,0x00000000f557fe28,0x00000000f5580000)
 Metaspace       used 60602K, committed 61504K, reserved 1105920K
  class space    used 5642K, committed 6016K, reserved 1048576K
}
Event: 870.408 GC heap after
{Heap after GC invocations=538 (full 458):
 PSYoungGen      total 68096K, used 40447K [0x00000000f5580000, 0x00000000fdb80000, 0x0000000100000000)
  eden space 40448K, 99% used [0x00000000f5580000,0x00000000f7cfff98,0x00000000f7d00000)
  from space 27648K, 0% used [0x00000000fab80000,0x00000000fab80000,0x00000000fc680000)
  to   space 47616K, 0% used [0x00000000f7d00000,0x00000000f7d00000,0x00000000fab80000)
 ParOldGen       total 349696K, used 349695K [0x00000000e0000000, 0x00000000f5580000, 0x00000000f5580000)
  object space 349696K, 99% used [0x00000000e0000000,0x00000000f557fe28,0x00000000f5580000)
 Metaspace       used 60602K, committed 61504K, reserved 1105920K
  class space    used 5642K, committed 6016K, reserved 1048576K
}
Event: 870.410 GC heap before
{Heap before GC invocations=539 (full 459):
 PSYoungGen      total 68096K, used 40447K [0x00000000f5580000, 0x00000000fdb80000, 0x0000000100000000)
  eden space 40448K, 99% used [0x00000000f5580000,0x00000000f7cffff0,0x00000000f7d00000)
  from space 27648K, 0% used [0x00000000fab80000,0x00000000fab80000,0x00000000fc680000)
  to   space 47616K, 0% used [0x00000000f7d00000,0x00000000f7d00000,0x00000000fab80000)
 ParOldGen       total 349696K, used 349695K [0x00000000e0000000, 0x00000000f5580000, 0x00000000f5580000)
  object space 349696K, 99% used [0x00000000e0000000,0x00000000f557fe28,0x00000000f5580000)
 Metaspace       used 60602K, committed 61504K, reserved 1105920K
  class space    used 5642K, committed 6016K, reserved 1048576K
}
Event: 871.894 GC heap after
{Heap after GC invocations=539 (full 459):
 PSYoungGen      total 88064K, used 40447K [0x00000000f5580000, 0x00000000fdb80000, 0x0000000100000000)
  eden space 40448K, 99% used [0x00000000f5580000,0x00000000f7cffff0,0x00000000f7d00000)
  from space 47616K, 0% used [0x00000000f7d00000,0x00000000f7d00000,0x00000000fab80000)
  to   space 27648K, 0% used [0x00000000fab80000,0x00000000fab80000,0x00000000fc680000)
 ParOldGen       total 349696K, used 349695K [0x00000000e0000000, 0x00000000f5580000, 0x00000000f5580000)
  object space 349696K, 99% used [0x00000000e0000000,0x00000000f557fe28,0x00000000f5580000)
 Metaspace       used 60602K, committed 61504K, reserved 1105920K
  class space    used 5642K, committed 6016K, reserved 1048576K
}
Event: 871.894 GC heap before
{Heap before GC invocations=540 (full 460):
 PSYoungGen      total 88064K, used 40447K [0x00000000f5580000, 0x00000000fdb80000, 0x0000000100000000)
  eden space 40448K, 99% used [0x00000000f5580000,0x00000000f7cffff0,0x00000000f7d00000)
  from space 47616K, 0% used [0x00000000f7d00000,0x00000000f7d00000,0x00000000fab80000)
  to   space 27648K, 0% used [0x00000000fab80000,0x00000000fab80000,0x00000000fc680000)
 ParOldGen       total 349696K, used 349695K [0x00000000e0000000, 0x00000000f5580000, 0x00000000f5580000)
  object space 349696K, 99% used [0x00000000e0000000,0x00000000f557ffc0,0x00000000f5580000)
 Metaspace       used 60602K, committed 61504K, reserved 1105920K
  class space    used 5642K, committed 6016K, reserved 1048576K
}
Event: 873.495 GC heap after
{Heap after GC invocations=540 (full 460):
 PSYoungGen      total 68096K, used 40447K [0x00000000f5580000, 0x00000000fdb80000, 0x0000000100000000)
  eden space 40448K, 99% used [0x00000000f5580000,0x00000000f7cfff50,0x00000000f7d00000)
  from space 27648K, 0% used [0x00000000fab80000,0x00000000fab80000,0x00000000fc680000)
  to   space 47616K, 0% used [0x00000000f7d00000,0x00000000f7d00000,0x00000000fab80000)
 ParOldGen       total 349696K, used 349695K [0x00000000e0000000, 0x00000000f5580000, 0x00000000f5580000)
  object space 349696K, 99% used [0x00000000e0000000,0x00000000f557fed8,0x00000000f5580000)
 Metaspace       used 60602K, committed 61504K, reserved 1105920K
  class space    used 5642K, committed 6016K, reserved 1048576K
}
Event: 873.495 GC heap before
{Heap before GC invocations=541 (full 461):
 PSYoungGen      total 68096K, used 40447K [0x00000000f5580000, 0x00000000fdb80000, 0x0000000100000000)
  eden space 40448K, 99% used [0x00000000f5580000,0x00000000f7cfff50,0x00000000f7d00000)
  from space 27648K, 0% used [0x00000000fab80000,0x00000000fab80000,0x00000000fc680000)
  to   space 47616K, 0% used [0x00000000f7d00000,0x00000000f7d00000,0x00000000fab80000)
 ParOldGen       total 349696K, used 349695K [0x00000000e0000000, 0x00000000f5580000, 0x00000000f5580000)
  object space 349696K, 99% used [0x00000000e0000000,0x00000000f557fed8,0x00000000f5580000)
 Metaspace       used 60602K, committed 61504K, reserved 1105920K
  class space    used 5642K, committed 6016K, reserved 1048576K
}
Event: 874.893 GC heap after
{Heap after GC invocations=541 (full 461):
 PSYoungGen      total 88064K, used 40447K [0x00000000f5580000, 0x00000000fdb80000, 0x0000000100000000)
  eden space 40448K, 99% used [0x00000000f5580000,0x00000000f7cfff50,0x00000000f7d00000)
  from space 47616K, 0% used [0x00000000f7d00000,0x00000000f7d00000,0x00000000fab80000)
  to   space 27648K, 0% used [0x00000000fab80000,0x00000000fab80000,0x00000000fc680000)
 ParOldGen       total 349696K, used 349695K [0x00000000e0000000, 0x00000000f5580000, 0x00000000f5580000)
  object space 349696K, 99% used [0x00000000e0000000,0x00000000f557fed8,0x00000000f5580000)
 Metaspace       used 60602K, committed 61504K, reserved 1105920K
  class space    used 5642K, committed 6016K, reserved 1048576K
}

