# JRE version: OpenJDK Runtime Environment GraalVM CE 22.3.0 (17.0.5+8) (build 17.0.5+8-jvmci-22.3-b08)
# Java VM: OpenJDK 64-Bit Server VM GraalVM CE 22.3.0 (17.0.5+8-jvmci-22.3-b08, mixed mode, sharing, tiered, jvmci, jvmci compiler, compressed oops, compressed class ptrs, parallel gc, linux-amd64)
GC Precious Log:
 CPUs: 8 total, 1 available
 Memory: 1024M
 Large Page Support: Disabled
 NUMA Support: Disabled
 Compressed Oops: Enabled (32-bit)
 Alignments: Space 512K, Generation 512K, Heap 2M
 Heap Min Capacity: 100M
 Heap Initial Capacity: 100M
 Heap Max Capacity: 512M
 Pre-touch: Disabled
 Parallel Workers: 1
Heap:
 PSYoungGen      total 42496K, used 29696K [0x00000000f5580000, 0x00000000f8d80000, 0x0000000100000000)
  eden space 29696K, 100% used [0x00000000f5580000,0x00000000f7280000,0x00000000f7280000)
  from space 12800K, 0% used [0x00000000f7f80000,0x00000000f7f80000,0x00000000f8c00000)
  to   space 13312K, 0% used [0x00000000f7280000,0x00000000f7280000,0x00000000f7f80000)
 ParOldGen       total 349696K, used 349696K [0x00000000e0000000, 0x00000000f5580000, 0x00000000f5580000)
  object space 349696K, 100% used [0x00000000e0000000,0x00000000f5580000,0x00000000f5580000)
 Metaspace       used 54657K, committed 55488K, reserved 1105920K
  class space    used 5446K, committed 5824K, reserved 1048576K
GC Heap History (20 events):
Event: 924.371 GC heap before
{Heap before GC invocations=764 (full 637):
 PSYoungGen      total 42496K, used 29696K [0x00000000f5580000, 0x00000000f8d80000, 0x0000000100000000)
  eden space 29696K, 100% used [0x00000000f5580000,0x00000000f7280000,0x00000000f7280000)
  from space 12800K, 0% used [0x00000000f7f80000,0x00000000f7f80000,0x00000000f8c00000)
  to   space 13312K, 0% used [0x00000000f7280000,0x00000000f7280000,0x00000000f7f80000)
 ParOldGen       total 349696K, used 349691K [0x00000000e0000000, 0x00000000f5580000, 0x00000000f5580000)
  object space 349696K, 99% used [0x00000000e0000000,0x00000000f557eeb8,0x00000000f5580000)
 Metaspace       used 54656K, committed 55488K, reserved 1105920K
  class space    used 5446K, committed 5824K, reserved 1048576K
}
Event: 925.587 GC heap after
{Heap after GC invocations=764 (full 637):
 PSYoungGen      total 43008K, used 29695K [0x00000000f5580000, 0x00000000f8d80000, 0x0000000100000000)
  eden space 29696K, 99% used [0x00000000f5580000,0x00000000f727ffb0,0x00000000f7280000)
  from space 13312K, 0% used [0x00000000f7280000,0x00000000f7280000,0x00000000f7f80000)
  to   space 12800K, 0% used [0x00000000f7f80000,0x00000000f7f80000,0x00000000f8c00000)
 ParOldGen       total 349696K, used 349690K [0x00000000e0000000, 0x00000000f5580000, 0x00000000f5580000)
  object space 349696K, 99% used [0x00000000e0000000,0x00000000f557e8b8,0x00000000f5580000)
 Metaspace       used 54656K, committed 55488K, reserved 1105920K
  class space    used 5446K, committed 5824K, reserved 1048576K
}
Event: 925.587 GC heap before
{Heap before GC invocations=765 (full 638):
 PSYoungGen      total 43008K, used 29696K [0x00000000f5580000, 0x00000000f8d80000, 0x0000000100000000)
  eden space 29696K, 100% used [0x00000000f5580000,0x00000000f7280000,0x00000000f7280000)
  from space 13312K, 0% used [0x00000000f7280000,0x00000000f7280000,0x00000000f7f80000)
  to   space 12800K, 0% used [0x00000000f7f80000,0x00000000f7f80000,0x00000000f8c00000)
 ParOldGen       total 349696K, used 349694K [0x00000000e0000000, 0x00000000f5580000, 0x00000000f5580000)
  object space 349696K, 99% used [0x00000000e0000000,0x00000000f557fb30,0x00000000f5580000)
 Metaspace       used 54656K, committed 55488K, reserved 1105920K
  class space    used 5446K, committed 5824K, reserved 1048576K
}
Event: 926.781 GC heap after
{Heap after GC invocations=765 (full 638):
 PSYoungGen      total 42496K, used 29696K [0x00000000f5580000, 0x00000000f8d80000, 0x0000000100000000)
  eden space 29696K, 100% used [0x00000000f5580000,0x00000000f7280000,0x00000000f7280000)
  from space 12800K, 0% used [0x00000000f7f80000,0x00000000f7f80000,0x00000000f8c00000)
  to   space 13312K, 0% used [0x00000000f7280000,0x00000000f7280000,0x00000000f7f80000)
 ParOldGen       total 349696K, used 349694K [0x00000000e0000000, 0x00000000f5580000, 0x00000000f5580000)
  object space 349696K, 99% used [0x00000000e0000000,0x00000000f557fb30,0x00000000f5580000)
 Metaspace       used 54656K, committed 55488K, reserved 1105920K
  class space    used 5446K, committed 5824K, reserved 1048576K
}
Event: 926.781 GC heap before
{Heap before GC invocations=766 (full 639):
 PSYoungGen      total 42496K, used 29696K [0x00000000f5580000, 0x00000000f8d80000, 0x0000000100000000)
  eden space 29696K, 100% used [0x00000000f5580000,0x00000000f7280000,0x00000000f7280000)
  from space 12800K, 0% used [0x00000000f7f80000,0x00000000f7f80000,0x00000000f8c00000)
  to   space 13312K, 0% used [0x00000000f7280000,0x00000000f7280000,0x00000000f7f80000)
 ParOldGen       total 349696K, used 349695K [0x00000000e0000000, 0x00000000f5580000, 0x00000000f5580000)
  object space 349696K, 99% used [0x00000000e0000000,0x00000000f557fff0,0x00000000f5580000)
 Metaspace       used 54656K, committed 55488K, reserved 1105920K
  class space    used 5446K, committed 5824K, reserved 1048576K
}
Event: 928.083 GC heap after
{Heap after GC invocations=766 (full 639):
 PSYoungGen      total 43008K, used 29696K [0x00000000f5580000, 0x00000000f8d80000, 0x0000000100000000)
  eden space 29696K, 100% used [0x00000000f5580000,0x00000000f7280000,0x00000000f7280000)
  from space 13312K, 0% used [0x00000000f7280000,0x00000000f7280000,0x00000000f7f80000)
  to   space 12800K, 0% used [0x00000000f7f80000,0x00000000f7f80000,0x00000000f8c00000)
 ParOldGen       total 349696K, used 349695K [0x00000000e0000000, 0x00000000f5580000, 0x00000000f5580000)
  object space 349696K, 99% used [0x00000000e0000000,0x00000000f557fff0,0x00000000f5580000)
 Metaspace       used 54656K, committed 55488K, reserved 1105920K
  class space    used 5446K, committed 5824K, reserved 1048576K
}
Event: 928.083 GC heap before
{Heap before GC invocations=767 (full 640):
 PSYoungGen      total 43008K, used 29696K [0x00000000f5580000, 0x00000000f8d80000, 0x0000000100000000)
  eden space 29696K, 100% used [0x00000000f5580000,0x00000000f7280000,0x00000000f7280000)
  from space 13312K, 0% used [0x00000000f7280000,0x00000000f7280000,0x00000000f7f80000)
  to   space 12800K, 0% used [0x00000000f7f80000,0x00000000f7f80000,0x00000000f8c00000)
 ParOldGen       total 349696K, used 349695K [0x00000000e0000000, 0x00000000f5580000, 0x00000000f5580000)
  object space 349696K, 99% used [0x00000000e0000000,0x00000000f557fff0,0x00000000f5580000)
 Metaspace       used 54656K, committed 55488K, reserved 1105920K
  class space    used 5446K, committed 5824K, reserved 1048576K
}
Event: 929.268 GC heap after
{Heap after GC invocations=767 (full 640):
 PSYoungGen      total 42496K, used 29695K [0x00000000f5580000, 0x00000000f8d80000, 0x0000000100000000)
  eden space 29696K, 99% used [0x00000000f5580000,0x00000000f727fe98,0x00000000f7280000)
  from space 12800K, 0% used [0x00000000f7f80000,0x00000000f7f80000,0x00000000f8c00000)
  to   space 13312K, 0% used [0x00000000f7280000,0x00000000f7280000,0x00000000f7f80000)
 ParOldGen       total 349696K, used 349690K [0x00000000e0000000, 0x00000000f5580000, 0x00000000f5580000)
  object space 349696K, 99% used [0x00000000e0000000,0x00000000f557e938,0x00000000f5580000)
 Metaspace       used 54656K, committed 55488K, reserved 1105920K
  class space    used 5446K, committed 5824K, reserved 1048576K
}
Event: 929.269 GC heap before
{Heap before GC invocations=768 (full 641):
 PSYoungGen      total 42496K, used 29696K [0x00000000f5580000, 0x00000000f8d80000, 0x0000000100000000)
  eden space 29696K, 100% used [0x00000000f5580000,0x00000000f7280000,0x00000000f7280000)
  from space 12800K, 0% used [0x00000000f7f80000,0x00000000f7f80000,0x00000000f8c00000)
  to   space 13312K, 0% used [0x00000000f7280000,0x00000000f7280000,0x00000000f7f80000)
 ParOldGen       total 349696K, used 349691K [0x00000000e0000000, 0x00000000f5580000, 0x00000000f5580000)
  object space 349696K, 99% used [0x00000000e0000000,0x00000000f557ec58,0x00000000f5580000)
 Metaspace       used 54656K, committed 55488K, reserved 1105920K
  class space    used 5446K, committed 5824K, reserved 1048576K
}
Event: 930.457 GC heap after
{Heap after GC invocations=768 (full 641):
 PSYoungGen      total 43008K, used 29696K [0x00000000f5580000, 0x00000000f8d80000, 0x0000000100000000)
  eden space 29696K, 100% used [0x00000000f5580000,0x00000000f7280000,0x00000000f7280000)
  from space 13312K, 0% used [0x00000000f7280000,0x00000000f7280000,0x00000000f7f80000)
  to   space 12800K, 0% used [0x00000000f7f80000,0x00000000f7f80000,0x00000000f8c00000)
 ParOldGen       total 349696K, used 349691K [0x00000000e0000000, 0x00000000f5580000, 0x00000000f5580000)
  object space 349696K, 99% used [0x00000000e0000000,0x00000000f557ec08,0x00000000f5580000)
 Metaspace       used 54656K, committed 55488K, reserved 1105920K
  class space    used 5446K, committed 5824K, reserved 1048576K
}
Event: 930.457 GC heap before
{Heap before GC invocations=769 (full 642):
 PSYoungGen      total 43008K, used 29696K [0x00000000f5580000, 0x00000000f8d80000, 0x0000000100000000)
  eden space 29696K, 100% used [0x00000000f5580000,0x00000000f7280000,0x00000000f7280000)
  from space 13312K, 0% used [0x00000000f7280000,0x00000000f7280000,0x00000000f7f80000)
  to   space 12800K, 0% used [0x00000000f7f80000,0x00000000f7f80000,0x00000000f8c00000)
 ParOldGen       total 349696K, used 349693K [0x00000000e0000000, 0x00000000f5580000, 0x00000000f5580000)
  object space 349696K, 99% used [0x00000000e0000000,0x00000000f557f408,0x00000000f5580000)
 Metaspace       used 54656K, committed 55488K, reserved 1105920K
  class space    used 5446K, committed 5824K, reserved 1048576K
}
Event: 931.561 GC heap after
{Heap after GC invocations=769 (full 642):
 PSYoungGen      total 42496K, used 29695K [0x00000000f5580000, 0x00000000f8d80000, 0x0000000100000000)
  eden space 29696K, 99% used [0x00000000f5580000,0x00000000f727ffe0,0x00000000f7280000)
  from space 12800K, 0% used [0x00000000f7f80000,0x00000000f7f80000,0x00000000f8c00000)
  to   space 13312K, 0% used [0x00000000f7280000,0x00000000f7280000,0x00000000f7f80000)
 ParOldGen       total 349696K, used 349693K [0x00000000e0000000, 0x00000000f5580000, 0x00000000f5580000)
  object space 349696K, 99% used [0x00000000e0000000,0x00000000f557f408,0x00000000f5580000)
 Metaspace       used 54656K, committed 55488K, reserved 1105920K
  class space    used 5446K, committed 5824K, reserved 1048576K
}
Event: 931.561 GC heap before
{Heap before GC invocations=770 (full 643):
 PSYoungGen      total 42496K, used 29696K [0x00000000f5580000, 0x00000000f8d80000, 0x0000000100000000)
  eden space 29696K, 100% used [0x00000000f5580000,0x00000000f7280000,0x00000000f7280000)
  from space 12800K, 0% used [0x00000000f7f80000,0x00000000f7f80000,0x00000000f8c00000)
  to   space 13312K, 0% used [0x00000000f7280000,0x00000000f7280000,0x00000000f7f80000)
 ParOldGen       total 349696K, used 349693K [0x00000000e0000000, 0x00000000f5580000, 0x00000000f5580000)
  object space 349696K, 99% used [0x00000000e0000000,0x00000000f557f408,0x00000000f5580000)
 Metaspace       used 54656K, committed 55488K, reserved 1105920K
  class space    used 5446K, committed 5824K, reserved 1048576K
}
Event: 932.780 GC heap after
{Heap after GC invocations=770 (full 643):
 PSYoungGen      total 43008K, used 29696K [0x00000000f5580000, 0x00000000f8d80000, 0x0000000100000000)
  eden space 29696K, 100% used [0x00000000f5580000,0x00000000f7280000,0x00000000f7280000)
  from space 13312K, 0% used [0x00000000f7280000,0x00000000f7280000,0x00000000f7f80000)
  to   space 12800K, 0% used [0x00000000f7f80000,0x00000000f7f80000,0x00000000f8c00000)
 ParOldGen       total 349696K, used 349693K [0x00000000e0000000, 0x00000000f5580000, 0x00000000f5580000)
  object space 349696K, 99% used [0x00000000e0000000,0x00000000f557f408,0x00000000f5580000)
 Metaspace       used 54656K, committed 55488K, reserved 1105920K
  class space    used 5446K, committed 5824K, reserved 1048576K
}
Event: 932.781 GC heap before
{Heap before GC invocations=771 (full 644):
 PSYoungGen      total 43008K, used 29696K [0x00000000f5580000, 0x00000000f8d80000, 0x0000000100000000)
  eden space 29696K, 100% used [0x00000000f5580000,0x00000000f7280000,0x00000000f7280000)
  from space 13312K, 0% used [0x00000000f7280000,0x00000000f7280000,0x00000000f7f80000)
  to   space 12800K, 0% used [0x00000000f7f80000,0x00000000f7f80000,0x00000000f8c00000)
 ParOldGen       total 349696K, used 349695K [0x00000000e0000000, 0x00000000f5580000, 0x00000000f5580000)
  object space 349696K, 99% used [0x00000000e0000000,0x00000000f557fdb0,0x00000000f5580000)
 Metaspace       used 54657K, committed 55488K, reserved 1105920K
  class space    used 5446K, committed 5824K, reserved 1048576K
}
Event: 933.980 GC heap after
{Heap after GC invocations=771 (full 644):
 PSYoungGen      total 42496K, used 29695K [0x00000000f5580000, 0x00000000f8d80000, 0x0000000100000000)
  eden space 29696K, 99% used [0x00000000f5580000,0x00000000f727ffd0,0x00000000f7280000)
  from space 12800K, 0% used [0x00000000f7f80000,0x00000000f7f80000,0x00000000f8c00000)
  to   space 13312K, 0% used [0x00000000f7280000,0x00000000f7280000,0x00000000f7f80000)
 ParOldGen       total 349696K, used 349694K [0x00000000e0000000, 0x00000000f5580000, 0x00000000f5580000)
  object space 349696K, 99% used [0x00000000e0000000,0x00000000f557fa00,0x00000000f5580000)
 Metaspace       used 54657K, committed 55488K, reserved 1105920K
  class space    used 5446K, committed 5824K, reserved 1048576K
}
Event: 933.980 GC heap before
{Heap before GC invocations=772 (full 645):
 PSYoungGen      total 42496K, used 29695K [0x00000000f5580000, 0x00000000f8d80000, 0x0000000100000000)
  eden space 29696K, 99% used [0x00000000f5580000,0x00000000f727fff8,0x00000000f7280000)
  from space 12800K, 0% used [0x00000000f7f80000,0x00000000f7f80000,0x00000000f8c00000)
  to   space 13312K, 0% used [0x00000000f7280000,0x00000000f7280000,0x00000000f7f80000)
 ParOldGen       total 349696K, used 349695K [0x00000000e0000000, 0x00000000f5580000, 0x00000000f5580000)
  object space 349696K, 99% used [0x00000000e0000000,0x00000000f557ff28,0x00000000f5580000)
 Metaspace       used 54657K, committed 55488K, reserved 1105920K
  class space    used 5446K, committed 5824K, reserved 1048576K
}
Event: 935.250 GC heap after
{Heap after GC invocations=772 (full 645):
 PSYoungGen      total 43008K, used 29695K [0x00000000f5580000, 0x00000000f8d80000, 0x0000000100000000)
  eden space 29696K, 99% used [0x00000000f5580000,0x00000000f727ffd0,0x00000000f7280000)
  from space 13312K, 0% used [0x00000000f7280000,0x00000000f7280000,0x00000000f7f80000)
  to   space 12800K, 0% used [0x00000000f7f80000,0x00000000f7f80000,0x00000000f8c00000)
 ParOldGen       total 349696K, used 349694K [0x00000000e0000000, 0x00000000f5580000, 0x00000000f5580000)
  object space 349696K, 99% used [0x00000000e0000000,0x00000000f557fb50,0x00000000f5580000)
 Metaspace       used 54657K, committed 55488K, reserved 1105920K
  class space    used 5446K, committed 5824K, reserved 1048576K
}
Event: 935.250 GC heap before
{Heap before GC invocations=773 (full 646):
 PSYoungGen      total 43008K, used 29695K [0x00000000f5580000, 0x00000000f8d80000, 0x0000000100000000)
  eden space 29696K, 99% used [0x00000000f5580000,0x00000000f727ffd0,0x00000000f7280000)
  from space 13312K, 0% used [0x00000000f7280000,0x00000000f7280000,0x00000000f7f80000)
  to   space 12800K, 0% used [0x00000000f7f80000,0x00000000f7f80000,0x00000000f8c00000)
 ParOldGen       total 349696K, used 349694K [0x00000000e0000000, 0x00000000f5580000, 0x00000000f5580000)
  object space 349696K, 99% used [0x00000000e0000000,0x00000000f557fb50,0x00000000f5580000)
 Metaspace       used 54657K, committed 55488K, reserved 1105920K
  class space    used 5446K, committed 5824K, reserved 1048576K
}
Event: 936.452 GC heap after
{Heap after GC invocations=773 (full 646):
 PSYoungGen      total 42496K, used 29695K [0x00000000f5580000, 0x00000000f8d80000, 0x0000000100000000)
  eden space 29696K, 99% used [0x00000000f5580000,0x00000000f727ffd0,0x00000000f7280000)
  from space 12800K, 0% used [0x00000000f7f80000,0x00000000f7f80000,0x00000000f8c00000)
  to   space 13312K, 0% used [0x00000000f7280000,0x00000000f7280000,0x00000000f7f80000)
 ParOldGen       total 349696K, used 349694K [0x00000000e0000000, 0x00000000f5580000, 0x00000000f5580000)
  object space 349696K, 99% used [0x00000000e0000000,0x00000000f557fb50,0x00000000f5580000)
 Metaspace       used 54657K, committed 55488K, reserved 1105920K
  class space    used 5446K, committed 5824K, reserved 1048576K
}

